{"name": "test_price_increment", "status": "broken", "statusDetails": {"message": "selenium.common.exceptions.TimeoutException: Message: \nStacktrace:\nBacktrace:\n\t(No symbol) [0x00256643]\n\t(No symbol) [0x001EBE21]\n\t(No symbol) [0x000EDA9D]\n\t(No symbol) [0x00121342]\n\t(No symbol) [0x0012147B]\n\t(No symbol) [0x00158DC2]\n\t(No symbol) [0x0013FDC4]\n\t(No symbol) [0x00156B09]\n\t(No symbol) [0x0013FB76]\n\t(No symbol) [0x001149C1]\n\t(No symbol) [0x00115E5D]\n\tGetHandleVerifier [0x004CA142+2497106]\n\tGetHandleVerifier [0x004F85D3+2686691]\n\tGetHandleVerifier [0x004FBB9C+2700460]\n\tGetHandleVerifier [0x00303B10+635936]\n\t(No symbol) [0x001F4A1F]\n\t(No symbol) [0x001FA418]\n\t(No symbol) [0x001FA505]\n\t(No symbol) [0x0020508B]\n\tBaseThreadInitThunk [0x76227D69+25]\n\tRtlInitializeExceptionChain [0x77C5BB9B+107]\n\tRtlClearBits [0x77C5BB1F+191]\n\t(No symbol) [0x00000000]", "trace": "self = <Web.Tests.test_cart.Test_Cart object at 0x000002E9041AAFE0>\n\n>   ???\n\nC:\\Users\\user\\PycharmProjects\\Final Project\\Web\\Tests\\test_cart.py:25: \n_ _ _ _ _ _ _ _ _ _ _ _ _ _ _ _ _ _ _ _ _ _ _ _ _ _ _ _ _ _ _ _ _ _ _ _ _ _ _ _ _ _ _ _ _ _ _ _ _ _ _ _ _ _ _ _ _ _ _ _ _ _ _ _ _ _ _ _ _ _ _ _ _ _ _ _ _ _ _ _ _ _ _ _ _ _ _ _ _ _ _ _\nBasePage\\basepage.py:37: in _click\n    self._wait_until_element_is_visible(locate)\nBasePage\\basepage.py:27: in _wait_until_element_is_visible\n    wait.until(ec.visibility_of_element_located(locate))\n_ _ _ _ _ _ _ _ _ _ _ _ _ _ _ _ _ _ _ _ _ _ _ _ _ _ _ _ _ _ _ _ _ _ _ _ _ _ _ _ _ _ _ _ _ _ _ _ _ _ _ _ _ _ _ _ _ _ _ _ _ _ _ _ _ _ _ _ _ _ _ _ _ _ _ _ _ _ _ _ _ _ _ _ _ _ _ _ _ _ _ _\n\nself = <selenium.webdriver.support.wait.WebDriverWait (session=\"4097a5d0a161c8cad4ec83a08b65645a\")>\nmethod = <function visibility_of_element_located.<locals>._predicate at 0x000002E9042B0AF0>, message = ''\n\n    def until(self, method, message: str = \"\"):\n        \"\"\"Calls the method provided with the driver as an argument until the \\\n        return value does not evaluate to ``False``.\n    \n        :param method: callable(WebDriver)\n        :param message: optional message for :exc:`TimeoutException`\n        :returns: the result of the last call to `method`\n        :raises: :exc:`selenium.common.exceptions.TimeoutException` if timeout occurs\n        \"\"\"\n        screen = None\n        stacktrace = None\n    \n        end_time = time.monotonic() + self._timeout\n        while True:\n            try:\n                value = method(self._driver)\n                if value:\n                    return value\n            except self._ignored_exceptions as exc:\n                screen = getattr(exc, \"screen\", None)\n                stacktrace = getattr(exc, \"stacktrace\", None)\n            time.sleep(self._poll)\n            if time.monotonic() > end_time:\n                break\n>       raise TimeoutException(message, screen, stacktrace)\nE       selenium.common.exceptions.TimeoutException: Message: \nE       Stacktrace:\nE       Backtrace:\nE       \t(No symbol) [0x00256643]\nE       \t(No symbol) [0x001EBE21]\nE       \t(No symbol) [0x000EDA9D]\nE       \t(No symbol) [0x00121342]\nE       \t(No symbol) [0x0012147B]\nE       \t(No symbol) [0x00158DC2]\nE       \t(No symbol) [0x0013FDC4]\nE       \t(No symbol) [0x00156B09]\nE       \t(No symbol) [0x0013FB76]\nE       \t(No symbol) [0x001149C1]\nE       \t(No symbol) [0x00115E5D]\nE       \tGetHandleVerifier [0x004CA142+2497106]\nE       \tGetHandleVerifier [0x004F85D3+2686691]\nE       \tGetHandleVerifier [0x004FBB9C+2700460]\nE       \tGetHandleVerifier [0x00303B10+635936]\nE       \t(No symbol) [0x001F4A1F]\nE       \t(No symbol) [0x001FA418]\nE       \t(No symbol) [0x001FA505]\nE       \t(No symbol) [0x0020508B]\nE       \tBaseThreadInitThunk [0x76227D69+25]\nE       \tRtlInitializeExceptionChain [0x77C5BB9B+107]\nE       \tRtlClearBits [0x77C5BB1F+191]\nE       \t(No symbol) [0x00000000]\n\n..\\..\\..\\pselenium-venv\\lib\\site-packages\\selenium\\webdriver\\support\\wait.py:95: TimeoutException"}, "description": "Test the price will be doubled when we add the same product.", "steps": [{"name": "Opening the website", "status": "passed", "start": 1675537980713, "stop": 1675537980816}, {"name": "Clicking the element", "status": "passed", "parameters": [{"name": "locate", "value": "('xpath', \"//a[contains(text(),'Samsung galaxy s6')]\")"}], "start": 1675537980816, "stop": 1675537981631}, {"name": "Clicking the element", "status": "passed", "parameters": [{"name": "locate", "value": "('xpath', \"//a[contains(text(),'Add to cart')]\")"}], "start": 1675537981631, "stop": 1675537982276}, {"name": "Accepting alert", "status": "passed", "parameters": [{"name": "time", "value": "10"}], "start": 1675537982276, "stop": 1675537982804}, {"name": "Clicking the element", "status": "broken", "statusDetails": {"message": "selenium.common.exceptions.TimeoutException: Message: \nStacktrace:\nBacktrace:\n\t(No symbol) [0x00256643]\n\t(No symbol) [0x001EBE21]\n\t(No symbol) [0x000EDA9D]\n\t(No symbol) [0x00121342]\n\t(No symbol) [0x0012147B]\n\t(No symbol) [0x00158DC2]\n\t(No symbol) [0x0013FDC4]\n\t(No symbol) [0x00156B09]\n\t(No symbol) [0x0013FB76]\n\t(No symbol) [0x001149C1]\n\t(No symbol) [0x00115E5D]\n\tGetHandleVerifier [0x004CA142+2497106]\n\tGetHandleVerifier [0x004F85D3+2686691]\n\tGetHandleVerifier [0x004FBB9C+2700460]\n\tGetHandleVerifier [0x00303B10+635936]\n\t(No symbol) [0x001F4A1F]\n\t(No symbol) [0x001FA418]\n\t(No symbol) [0x001FA505]\n\t(No symbol) [0x0020508B]\n\tBaseThreadInitThunk [0x76227D69+25]\n\tRtlInitializeExceptionChain [0x77C5BB9B+107]\n\tRtlClearBits [0x77C5BB1F+191]\n\t(No symbol) [0x00000000]\n\n", "trace": "  File \"C:\\Users\\user\\pselenium-venv\\lib\\site-packages\\allure_commons\\_allure.py\", line 192, in impl\n    return func(*a, **kw)\n  File \"C:\\Users\\user\\PycharmProjects\\FinalProject\\Web\\BasePage\\basepage.py\", line 37, in _click\n    self._wait_until_element_is_visible(locate)\n  File \"C:\\Users\\user\\PycharmProjects\\FinalProject\\Web\\BasePage\\basepage.py\", line 27, in _wait_until_element_is_visible\n    wait.until(ec.visibility_of_element_located(locate))\n  File \"C:\\Users\\user\\pselenium-venv\\lib\\site-packages\\selenium\\webdriver\\support\\wait.py\", line 95, in until\n    raise TimeoutException(message, screen, stacktrace)\n"}, "parameters": [{"name": "locate", "value": "('xpath', '/html[1]/body[1]/nav[1]/div[1]/ul[1]/li[1]/a[1]')"}], "start": 1675537982804, "stop": 1675537993325}], "start": 1675537980713, "stop": 1675537993326, "uuid": "292b0cee-21dd-414a-83b4-1660701bb15e", "historyId": "3ec868d38d3f34839c0a2839fa3cc676", "testCaseId": "65b73d82cb78bb999014557184a0c717", "fullName": "Tests.test_cart.Test_Cart#test_price_increment", "labels": [{"name": "parentSuite", "value": "Tests"}, {"name": "suite", "value": "test_cart"}, {"name": "subSuite", "value": "Test_Cart"}, {"name": "host", "value": "mike"}, {"name": "thread", "value": "7176-MainThread"}, {"name": "framework", "value": "pytest"}, {"name": "language", "value": "cpython3"}, {"name": "package", "value": "Tests.test_cart"}]}