{"name": "test_close_button", "status": "broken", "statusDetails": {"message": "selenium.common.exceptions.TimeoutException: Message:", "trace": "self = <Web.Tests.test_placeorder.Test_Order object at 0x000002E90421B760>\n\n>   ???\n\nC:\\Users\\user\\PycharmProjects\\Final Project\\Web\\Tests\\test_placeorder.py:228: \n_ _ _ _ _ _ _ _ _ _ _ _ _ _ _ _ _ _ _ _ _ _ _ _ _ _ _ _ _ _ _ _ _ _ _ _ _ _ _ _ _ _ _ _ _ _ _ _ _ _ _ _ _ _ _ _ _ _ _ _ _ _ _ _ _ _ _ _ _ _ _ _ _ _ _ _ _ _ _ _ _ _ _ _ _ _ _ _ _ _ _ _\nPageObject\\page_object.py:65: in is_not_displayed\n    if self._find(locate).is_displayed() is True:\nBasePage\\basepage.py:17: in _find\n    self._wait_until_element_is_visible(locate)\nBasePage\\basepage.py:27: in _wait_until_element_is_visible\n    wait.until(ec.visibility_of_element_located(locate))\n_ _ _ _ _ _ _ _ _ _ _ _ _ _ _ _ _ _ _ _ _ _ _ _ _ _ _ _ _ _ _ _ _ _ _ _ _ _ _ _ _ _ _ _ _ _ _ _ _ _ _ _ _ _ _ _ _ _ _ _ _ _ _ _ _ _ _ _ _ _ _ _ _ _ _ _ _ _ _ _ _ _ _ _ _ _ _ _ _ _ _ _\n\nself = <selenium.webdriver.support.wait.WebDriverWait (session=\"4097a5d0a161c8cad4ec83a08b65645a\")>\nmethod = <function visibility_of_element_located.<locals>._predicate at 0x000002E904BB2680>, message = ''\n\n    def until(self, method, message: str = \"\"):\n        \"\"\"Calls the method provided with the driver as an argument until the \\\n        return value does not evaluate to ``False``.\n    \n        :param method: callable(WebDriver)\n        :param message: optional message for :exc:`TimeoutException`\n        :returns: the result of the last call to `method`\n        :raises: :exc:`selenium.common.exceptions.TimeoutException` if timeout occurs\n        \"\"\"\n        screen = None\n        stacktrace = None\n    \n        end_time = time.monotonic() + self._timeout\n        while True:\n            try:\n                value = method(self._driver)\n                if value:\n                    return value\n            except self._ignored_exceptions as exc:\n                screen = getattr(exc, \"screen\", None)\n                stacktrace = getattr(exc, \"stacktrace\", None)\n            time.sleep(self._poll)\n            if time.monotonic() > end_time:\n                break\n>       raise TimeoutException(message, screen, stacktrace)\nE       selenium.common.exceptions.TimeoutException: Message:\n\n..\\..\\..\\pselenium-venv\\lib\\site-packages\\selenium\\webdriver\\support\\wait.py:95: TimeoutException"}, "description": "Verify if the close button is working", "steps": [{"name": "Opening the website", "status": "passed", "start": 1675538149068, "stop": 1675538149166}, {"name": "Clicking the element", "status": "passed", "parameters": [{"name": "locate", "value": "('xpath', \"//a[contains(text(),'Samsung galaxy s6')]\")"}], "start": 1675538149166, "stop": 1675538149881}, {"name": "Clicking the element", "status": "passed", "parameters": [{"name": "locate", "value": "('xpath', \"//a[contains(text(),'Add to cart')]\")"}], "start": 1675538149881, "stop": 1675538150533}, {"name": "Accepting alert", "status": "passed", "parameters": [{"name": "time", "value": "10"}], "start": 1675538150533, "stop": 1675538151061}, {"name": "Clicking the element", "status": "passed", "parameters": [{"name": "locate", "value": "('xpath', \"//a[@id='cartur']\")"}], "start": 1675538151061, "stop": 1675538151228}, {"name": "Clicking the element", "status": "passed", "parameters": [{"name": "locate", "value": "('xpath', \"//button[contains(text(),'Place Order')]\")"}], "start": 1675538151228, "stop": 1675538151327}, {"name": "Clicking the element", "status": "passed", "parameters": [{"name": "locate", "value": "('xpath', \"//body/div[@id='orderModal']/div[1]/div[1]/div[3]/button[1]\")"}], "start": 1675538151328, "stop": 1675538151958}, {"name": "Checking if the element is not displayed", "status": "broken", "statusDetails": {"message": "selenium.common.exceptions.TimeoutException: Message: \n\n", "trace": "  File \"C:\\Users\\user\\pselenium-venv\\lib\\site-packages\\allure_commons\\_allure.py\", line 192, in impl\n    return func(*a, **kw)\n  File \"C:\\Users\\user\\PycharmProjects\\FinalProject\\Web\\PageObject\\page_object.py\", line 65, in is_not_displayed\n    if self._find(locate).is_displayed() is True:\n  File \"C:\\Users\\user\\PycharmProjects\\FinalProject\\Web\\BasePage\\basepage.py\", line 17, in _find\n    self._wait_until_element_is_visible(locate)\n  File \"C:\\Users\\user\\PycharmProjects\\FinalProject\\Web\\BasePage\\basepage.py\", line 27, in _wait_until_element_is_visible\n    wait.until(ec.visibility_of_element_located(locate))\n  File \"C:\\Users\\user\\pselenium-venv\\lib\\site-packages\\selenium\\webdriver\\support\\wait.py\", line 95, in until\n    raise TimeoutException(message, screen, stacktrace)\n"}, "parameters": [{"name": "locate", "value": "('xpath', \"//h5[@id='orderModalLabel']\")"}], "start": 1675538154972, "stop": 1675538165249}], "start": 1675538149068, "stop": 1675538165250, "uuid": "b5ce504d-9a9e-43ab-832e-1b91108c4efb", "historyId": "463ee0717d1068ad76037d63438f83c3", "testCaseId": "7b87002f97558d060c2ff5c3dfdc38a4", "fullName": "Tests.test_placeorder.Test_Order#test_close_button", "labels": [{"name": "parentSuite", "value": "Tests"}, {"name": "suite", "value": "test_placeorder"}, {"name": "subSuite", "value": "Test_Order"}, {"name": "host", "value": "mike"}, {"name": "thread", "value": "7176-MainThread"}, {"name": "framework", "value": "pytest"}, {"name": "language", "value": "cpython3"}, {"name": "package", "value": "Tests.test_placeorder"}]}