{"name": "test_without_user_data", "status": "broken", "statusDetails": {"message": "selenium.common.exceptions.UnexpectedAlertPresentException: Alert Text: Wrong password.\nMessage: unexpected alert open: {Alert text : Wrong password.}\n  (Session info: chrome=109.0.5414.120)\nStacktrace:\nBacktrace:\n\t(No symbol) [0x00256643]\n\t(No symbol) [0x001EBE21]\n\t(No symbol) [0x000EDA9D]\n\t(No symbol) [0x001573A5]\n\t(No symbol) [0x0013FB76]\n\t(No symbol) [0x001149C1]\n\t(No symbol) [0x00115E5D]\n\tGetHandleVerifier [0x004CA142+2497106]\n\tGetHandleVerifier [0x004F85D3+2686691]\n\tGetHandleVerifier [0x004FBB9C+2700460]\n\tGetHandleVerifier [0x00303B10+635936]\n\t(No symbol) [0x001F4A1F]\n\t(No symbol) [0x001FA418]\n\t(No symbol) [0x001FA505]\n\t(No symbol) [0x0020508B]\n\tBaseThreadInitThunk [0x76227D69+25]\n\tRtlInitializeExceptionChain [0x77C5BB9B+107]\n\tRtlClearBits [0x77C5BB1F+191]\n\t(No symbol) [0x00000000]", "trace": "self = <Web.Tests.test_login.Test_Login object at 0x000002E904219FF0>\n\n>   ???\n\nC:\\Users\\user\\PycharmProjects\\Final Project\\Web\\Tests\\test_login.py:54: \n_ _ _ _ _ _ _ _ _ _ _ _ _ _ _ _ _ _ _ _ _ _ _ _ _ _ _ _ _ _ _ _ _ _ _ _ _ _ _ _ _ _ _ _ _ _ _ _ _ _ _ _ _ _ _ _ _ _ _ _ _ _ _ _ _ _ _ _ _ _ _ _ _ _ _ _ _ _ _ _ _ _ _ _ _ _ _ _ _ _ _ _\nPageObject\\page_object.py:11: in open\n    self._driver.get(self.url)\n..\\..\\..\\pselenium-venv\\lib\\site-packages\\selenium\\webdriver\\remote\\webdriver.py:455: in get\n    self.execute(Command.GET, {\"url\": url})\n..\\..\\..\\pselenium-venv\\lib\\site-packages\\selenium\\webdriver\\remote\\webdriver.py:444: in execute\n    self.error_handler.check_response(response)\n_ _ _ _ _ _ _ _ _ _ _ _ _ _ _ _ _ _ _ _ _ _ _ _ _ _ _ _ _ _ _ _ _ _ _ _ _ _ _ _ _ _ _ _ _ _ _ _ _ _ _ _ _ _ _ _ _ _ _ _ _ _ _ _ _ _ _ _ _ _ _ _ _ _ _ _ _ _ _ _ _ _ _ _ _ _ _ _ _ _ _ _\n\nself = <selenium.webdriver.remote.errorhandler.ErrorHandler object at 0x000002E9040FA8F0>\nresponse = {'status': 500, 'value': '{\"value\":{\"data\":{\"text\":\"Wrong password.\"},\"error\":\"unexpected alert open\",\"message\":\"unexp...\\tRtlInitializeExceptionChain [0x77C5BB9B+107]\\\\n\\\\tRtlClearBits [0x77C5BB1F+191]\\\\n\\\\t(No symbol) [0x00000000]\\\\n\"}}'}\n\n    def check_response(self, response: Dict[str, Any]) -> None:\n        \"\"\"\n        Checks that a JSON response from the WebDriver does not have an error.\n    \n        :Args:\n         - response - The JSON response from the WebDriver server as a dictionary\n           object.\n    \n        :Raises: If the response contains an error message.\n        \"\"\"\n        status = response.get(\"status\", None)\n        if not status or status == ErrorCode.SUCCESS:\n            return\n        value = None\n        message = response.get(\"message\", \"\")\n        screen: str = response.get(\"screen\", \"\")\n        stacktrace = None\n        if isinstance(status, int):\n            value_json = response.get(\"value\", None)\n            if value_json and isinstance(value_json, str):\n                import json\n    \n                try:\n                    value = json.loads(value_json)\n                    if len(value.keys()) == 1:\n                        value = value[\"value\"]\n                    status = value.get(\"error\", None)\n                    if not status:\n                        status = value.get(\"status\", ErrorCode.UNKNOWN_ERROR)\n                        message = value.get(\"value\") or value.get(\"message\")\n                        if not isinstance(message, str):\n                            value = message\n                            message = message.get(\"message\")\n                    else:\n                        message = value.get(\"message\", None)\n                except ValueError:\n                    pass\n    \n        exception_class: Type[WebDriverException]\n        if status in ErrorCode.NO_SUCH_ELEMENT:\n            exception_class = NoSuchElementException\n        elif status in ErrorCode.NO_SUCH_FRAME:\n            exception_class = NoSuchFrameException\n        elif status in ErrorCode.NO_SUCH_SHADOW_ROOT:\n            exception_class = NoSuchShadowRootException\n        elif status in ErrorCode.NO_SUCH_WINDOW:\n            exception_class = NoSuchWindowException\n        elif status in ErrorCode.STALE_ELEMENT_REFERENCE:\n            exception_class = StaleElementReferenceException\n        elif status in ErrorCode.ELEMENT_NOT_VISIBLE:\n            exception_class = ElementNotVisibleException\n        elif status in ErrorCode.INVALID_ELEMENT_STATE:\n            exception_class = InvalidElementStateException\n        elif (\n            status in ErrorCode.INVALID_SELECTOR\n            or status in ErrorCode.INVALID_XPATH_SELECTOR\n            or status in ErrorCode.INVALID_XPATH_SELECTOR_RETURN_TYPER\n        ):\n            exception_class = InvalidSelectorException\n        elif status in ErrorCode.ELEMENT_IS_NOT_SELECTABLE:\n            exception_class = ElementNotSelectableException\n        elif status in ErrorCode.ELEMENT_NOT_INTERACTABLE:\n            exception_class = ElementNotInteractableException\n        elif status in ErrorCode.INVALID_COOKIE_DOMAIN:\n            exception_class = InvalidCookieDomainException\n        elif status in ErrorCode.UNABLE_TO_SET_COOKIE:\n            exception_class = UnableToSetCookieException\n        elif status in ErrorCode.TIMEOUT:\n            exception_class = TimeoutException\n        elif status in ErrorCode.SCRIPT_TIMEOUT:\n            exception_class = TimeoutException\n        elif status in ErrorCode.UNKNOWN_ERROR:\n            exception_class = WebDriverException\n        elif status in ErrorCode.UNEXPECTED_ALERT_OPEN:\n            exception_class = UnexpectedAlertPresentException\n        elif status in ErrorCode.NO_ALERT_OPEN:\n            exception_class = NoAlertPresentException\n        elif status in ErrorCode.IME_NOT_AVAILABLE:\n            exception_class = ImeNotAvailableException\n        elif status in ErrorCode.IME_ENGINE_ACTIVATION_FAILED:\n            exception_class = ImeActivationFailedException\n        elif status in ErrorCode.MOVE_TARGET_OUT_OF_BOUNDS:\n            exception_class = MoveTargetOutOfBoundsException\n        elif status in ErrorCode.JAVASCRIPT_ERROR:\n            exception_class = JavascriptException\n        elif status in ErrorCode.SESSION_NOT_CREATED:\n            exception_class = SessionNotCreatedException\n        elif status in ErrorCode.INVALID_ARGUMENT:\n            exception_class = InvalidArgumentException\n        elif status in ErrorCode.NO_SUCH_COOKIE:\n            exception_class = NoSuchCookieException\n        elif status in ErrorCode.UNABLE_TO_CAPTURE_SCREEN:\n            exception_class = ScreenshotException\n        elif status in ErrorCode.ELEMENT_CLICK_INTERCEPTED:\n            exception_class = ElementClickInterceptedException\n        elif status in ErrorCode.INSECURE_CERTIFICATE:\n            exception_class = InsecureCertificateException\n        elif status in ErrorCode.INVALID_COORDINATES:\n            exception_class = InvalidCoordinatesException\n        elif status in ErrorCode.INVALID_SESSION_ID:\n            exception_class = InvalidSessionIdException\n        elif status in ErrorCode.UNKNOWN_METHOD:\n            exception_class = UnknownMethodException\n        else:\n            exception_class = WebDriverException\n        if not value:\n            value = response[\"value\"]\n        if isinstance(value, str):\n            raise exception_class(value)\n        if message == \"\" and \"message\" in value:\n            message = value[\"message\"]\n    \n        screen = None  # type: ignore[assignment]\n        if \"screen\" in value:\n            screen = value[\"screen\"]\n    \n        stacktrace = None\n        st_value = value.get(\"stackTrace\") or value.get(\"stacktrace\")\n        if st_value:\n            if isinstance(st_value, str):\n                stacktrace = st_value.split(\"\\n\")\n            else:\n                stacktrace = []\n                try:\n                    for frame in st_value:\n                        line = frame.get(\"lineNumber\", \"\")\n                        file = frame.get(\"fileName\", \"<anonymous>\")\n                        if line:\n                            file = f\"{file}:{line}\"\n                        meth = frame.get(\"methodName\", \"<anonymous>\")\n                        if \"className\" in frame:\n                            meth = \"{}.{}\".format(frame[\"className\"], meth)\n                        msg = \"    at %s (%s)\"\n                        msg = msg % (meth, file)\n                        stacktrace.append(msg)\n                except TypeError:\n                    pass\n        if exception_class == UnexpectedAlertPresentException:\n            alert_text = None\n            if \"data\" in value:\n                alert_text = value[\"data\"].get(\"text\")\n            elif \"alert\" in value:\n                alert_text = value[\"alert\"].get(\"text\")\n>           raise exception_class(message, screen, stacktrace, alert_text)  # type: ignore[call-arg]  # mypy is not smart enough here\nE           selenium.common.exceptions.UnexpectedAlertPresentException: Alert Text: Wrong password.\nE           Message: unexpected alert open: {Alert text : Wrong password.}\nE             (Session info: chrome=109.0.5414.120)\nE           Stacktrace:\nE           Backtrace:\nE           \t(No symbol) [0x00256643]\nE           \t(No symbol) [0x001EBE21]\nE           \t(No symbol) [0x000EDA9D]\nE           \t(No symbol) [0x001573A5]\nE           \t(No symbol) [0x0013FB76]\nE           \t(No symbol) [0x001149C1]\nE           \t(No symbol) [0x00115E5D]\nE           \tGetHandleVerifier [0x004CA142+2497106]\nE           \tGetHandleVerifier [0x004F85D3+2686691]\nE           \tGetHandleVerifier [0x004FBB9C+2700460]\nE           \tGetHandleVerifier [0x00303B10+635936]\nE           \t(No symbol) [0x001F4A1F]\nE           \t(No symbol) [0x001FA418]\nE           \t(No symbol) [0x001FA505]\nE           \t(No symbol) [0x0020508B]\nE           \tBaseThreadInitThunk [0x76227D69+25]\nE           \tRtlInitializeExceptionChain [0x77C5BB9B+107]\nE           \tRtlClearBits [0x77C5BB1F+191]\nE           \t(No symbol) [0x00000000]\n\n..\\..\\..\\pselenium-venv\\lib\\site-packages\\selenium\\webdriver\\remote\\errorhandler.py:248: UnexpectedAlertPresentException"}, "description": "Check login without inserting username and password.", "steps": [{"name": "Opening the website", "status": "broken", "statusDetails": {"message": "selenium.common.exceptions.UnexpectedAlertPresentException: Alert Text: Wrong password.\nMessage: unexpected alert open: {Alert text : Wrong password.}\n  (Session info: chrome=109.0.5414.120)\nStacktrace:\nBacktrace:\n\t(No symbol) [0x00256643]\n\t(No symbol) [0x001EBE21]\n\t(No symbol) [0x000EDA9D]\n\t(No symbol) [0x001573A5]\n\t(No symbol) [0x0013FB76]\n\t(No symbol) [0x001149C1]\n\t(No symbol) [0x00115E5D]\n\tGetHandleVerifier [0x004CA142+2497106]\n\tGetHandleVerifier [0x004F85D3+2686691]\n\tGetHandleVerifier [0x004FBB9C+2700460]\n\tGetHandleVerifier [0x00303B10+635936]\n\t(No symbol) [0x001F4A1F]\n\t(No symbol) [0x001FA418]\n\t(No symbol) [0x001FA505]\n\t(No symbol) [0x0020508B]\n\tBaseThreadInitThunk [0x76227D69+25]\n\tRtlInitializeExceptionChain [0x77C5BB9B+107]\n\tRtlClearBits [0x77C5BB1F+191]\n\t(No symbol) [0x00000000]\n\n", "trace": "  File \"C:\\Users\\user\\pselenium-venv\\lib\\site-packages\\allure_commons\\_allure.py\", line 192, in impl\n    return func(*a, **kw)\n  File \"C:\\Users\\user\\PycharmProjects\\FinalProject\\Web\\PageObject\\page_object.py\", line 11, in open\n    self._driver.get(self.url)\n  File \"C:\\Users\\user\\pselenium-venv\\lib\\site-packages\\selenium\\webdriver\\remote\\webdriver.py\", line 455, in get\n    self.execute(Command.GET, {\"url\": url})\n  File \"C:\\Users\\user\\pselenium-venv\\lib\\site-packages\\selenium\\webdriver\\remote\\webdriver.py\", line 444, in execute\n    self.error_handler.check_response(response)\n  File \"C:\\Users\\user\\pselenium-venv\\lib\\site-packages\\selenium\\webdriver\\remote\\errorhandler.py\", line 248, in check_response\n    raise exception_class(message, screen, stacktrace, alert_text)  # type: ignore[call-arg]  # mypy is not smart enough here\n"}, "start": 1675538063892, "stop": 1675538063897}], "start": 1675538063891, "stop": 1675538063899, "uuid": "75e3ab7e-b030-4c22-bb40-93f065aa2352", "historyId": "bee48c3769ae549e9b551fc113337c3f", "testCaseId": "bdadf5856fa08826e19f057003110233", "fullName": "Tests.test_login.Test_Login#test_without_user_data", "labels": [{"name": "parentSuite", "value": "Tests"}, {"name": "suite", "value": "test_login"}, {"name": "subSuite", "value": "Test_Login"}, {"name": "host", "value": "mike"}, {"name": "thread", "value": "7176-MainThread"}, {"name": "framework", "value": "pytest"}, {"name": "language", "value": "cpython3"}, {"name": "package", "value": "Tests.test_login"}]}